2024.09.17 18:32:53 INFO  Started: Metals version 1.3.5 in folders 'C:\Users\Emmanuel\credit-score-service' for client Visual Studio Code 1.92.2.
2024.09.17 18:32:54 INFO  time: initialize in 0.17s
SLF4J(W): Class path contains multiple SLF4J providers.
SLF4J(W): Found provider [scribe.slf4j.ScribeServiceProvider@17a98e47]
SLF4J(W): Found provider [ch.qos.logback.classic.spi.LogbackServiceProvider@24d8fc9c]
SLF4J(W): See https://www.slf4j.org/codes.html#multiple_bindings for an explanation.
SLF4J(I): Actual provider is of type [scribe.slf4j.ScribeServiceProvider@17a98e47]
2024.09.17 18:32:56 WARN  Flyway upgrade recommended: H2 2.3.230 is newer than this version of Flyway and support has not been tested. The latest supported version of H2 is 2.2.220.
2024.09.17 18:33:04 INFO  no build target found for C:\Users\Emmanuel\credit-score-service\src\main\scala\Main.scala. Using presentation compiler with project's scala-library version: 3.3.3
2024.09.17 18:40:14 INFO  no build target found for C:\Users\Emmanuel\credit-score-service\src\main\scala\Main.scala. Using presentation compiler with project's scala-library version: 3.3.3
2024.09.17 18:40:14 INFO  no build target found for C:\Users\Emmanuel\credit-score-service\src\main\scala\Main.scala. Using presentation compiler with project's scala-library version: 3.3.3
2024.09.17 18:40:16 INFO  no build target found for C:\Users\Emmanuel\credit-score-service\src\main\scala\Main.scala. Using presentation compiler with project's scala-library version: 3.3.3
2024.09.17 18:42:41 INFO  no build target found for C:\Users\Emmanuel\credit-score-service\src\main\scala\Main.scala. Using presentation compiler with project's scala-library version: 3.3.3
2024.09.17 18:42:41 INFO  no build target found for C:\Users\Emmanuel\credit-score-service\src\main\scala\creditscore\CreditScoreService.scala. Using presentation compiler with project's scala-library version: 3.3.3
2024.09.17 18:42:41 WARN  Could not find semantic tokens for: file:///C:/Users/Emmanuel/credit-score-service/src/main/scala/creditscore/CreditScoreService.scala
2024.09.17 18:43:01 INFO  no build target found for C:\Users\Emmanuel\credit-score-service\src\main\scala\creditscore\CreditScoreService.scala. Using presentation compiler with project's scala-library version: 3.3.3
2024.09.17 18:43:01 INFO  no build target found for C:\Users\Emmanuel\credit-score-service\src\main\scala\creditscore\CreditScoreService.scala. Using presentation compiler with project's scala-library version: 3.3.3
2024.09.17 18:43:05 INFO  no build target found for C:\Users\Emmanuel\credit-score-service\src\main\scala\creditscore\CreditScoreService.scala. Using presentation compiler with project's scala-library version: 3.3.3
2024.09.17 18:50:41 INFO  no build target found for C:\Users\Emmanuel\credit-score-service\src\main\scala\creditscore\CreditScoreService.scala. Using presentation compiler with project's scala-library version: 3.3.3
2024.09.17 22:09:17 INFO  Started: Metals version 1.3.5 in folders 'C:\Users\Emmanuel\credit-score-service' for client Visual Studio Code 1.92.2.
2024.09.17 22:09:18 INFO  time: initialize in 1.26s
SLF4J(W): Class path contains multiple SLF4J providers.
SLF4J(W): Found provider [scribe.slf4j.ScribeServiceProvider@586ac11f]
SLF4J(W): Found provider [ch.qos.logback.classic.spi.LogbackServiceProvider@45a7e9ce]
SLF4J(W): See https://www.slf4j.org/codes.html#multiple_bindings for an explanation.
SLF4J(I): Actual provider is of type [scribe.slf4j.ScribeServiceProvider@586ac11f]
2024.09.17 22:09:55 WARN  Flyway upgrade recommended: H2 2.3.230 is newer than this version of Flyway and support has not been tested. The latest supported version of H2 is 2.2.220.
2024.09.17 22:10:16 INFO  no build target found for C:\Users\Emmanuel\credit-score-service\src\main\scala\creditscore\CreditScoreService.scala. Using presentation compiler with project's scala-library version: 3.3.3
2024.09.17 23:05:45 INFO  no build target found for C:\Users\Emmanuel\credit-score-service\src\main\scala\creditscore\CreditScoreService.scala. Using presentation compiler with project's scala-library version: 3.3.3
2024.09.17 23:05:47 INFO  time: code lens generation in 2.46s
2024.09.17 23:05:47 INFO  time: code lens generation in 2.46s
2024.09.17 23:12:35 INFO  no build target found for C:\Users\Emmanuel\credit-score-service\build.sbt. Using presentation compiler with project's scala-library version: 3.3.3
2024.09.17 23:12:36 INFO  no build target found for C:\Users\Emmanuel\credit-score-service\build.sbt. Using presentation compiler with project's scala-library version: 3.3.3
2024.09.17 23:12:36 WARN  Could not find semantic tokens for: file:///C:/Users/Emmanuel/credit-score-service/build.sbt
2024.09.17 23:12:37 INFO  no build target found for C:\Users\Emmanuel\credit-score-service\build.sbt. Using presentation compiler with project's scala-library version: 3.3.3
2024.09.17 23:13:15 INFO  no build target found for C:\Users\Emmanuel\credit-score-service\build.sbt. Using presentation compiler with project's scala-library version: 3.3.3
2024.09.17 23:16:52 INFO  no build target found for C:\Users\Emmanuel\credit-score-service\build.sbt. Using presentation compiler with project's scala-library version: 3.3.3
2024.09.17 23:16:55 INFO  no build target found for C:\Users\Emmanuel\credit-score-service\build.sbt. Using presentation compiler with project's scala-library version: 3.3.3
2024.09.17 23:16:56 INFO  no build target found for C:\Users\Emmanuel\credit-score-service\build.sbt. Using presentation compiler with project's scala-library version: 3.3.3
2024.09.17 23:16:56 INFO  no build target found for C:\Users\Emmanuel\credit-score-service\build.sbt. Using presentation compiler with project's scala-library version: 3.3.3
2024.09.17 23:16:56 WARN  Could not find semantic tokens for: file:///C:/Users/Emmanuel/credit-score-service/build.sbt
2024.09.17 23:16:56 INFO  no build target found for C:\Users\Emmanuel\credit-score-service\build.sbt. Using presentation compiler with project's scala-library version: 3.3.3
2024.09.17 23:16:56 INFO  no build target found for C:\Users\Emmanuel\credit-score-service\build.sbt. Using presentation compiler with project's scala-library version: 3.3.3
2024.09.17 23:16:57 INFO  no build target found for C:\Users\Emmanuel\credit-score-service\build.sbt. Using presentation compiler with project's scala-library version: 3.3.3
2024.09.17 23:16:57 INFO  no build target found for C:\Users\Emmanuel\credit-score-service\build.sbt. Using presentation compiler with project's scala-library version: 3.3.3
2024.09.17 23:16:57 WARN  Could not find semantic tokens for: file:///C:/Users/Emmanuel/credit-score-service/build.sbt
2024.09.17 23:16:57 INFO  no build target found for C:\Users\Emmanuel\credit-score-service\build.sbt. Using presentation compiler with project's scala-library version: 3.3.3
2024.09.17 23:16:57 INFO  no build target found for C:\Users\Emmanuel\credit-score-service\build.sbt. Using presentation compiler with project's scala-library version: 3.3.3
2024.09.17 23:16:57 INFO  no build target found for C:\Users\Emmanuel\credit-score-service\build.sbt. Using presentation compiler with project's scala-library version: 3.3.3
2024.09.17 23:16:58 INFO  no build target found for C:\Users\Emmanuel\credit-score-service\build.sbt. Using presentation compiler with project's scala-library version: 3.3.3
Sep 17, 2024 11:16:58 PM org.eclipse.lsp4j.jsonrpc.RemoteEndpoint handleCancellation
WARNING: Unmatched cancel notification for request id 60
2024.09.17 23:16:57 INFO  no build target found for C:\Users\Emmanuel\credit-score-service\build.sbt. Using presentation compiler with project's scala-library version: 3.3.3
2024.09.17 23:16:59 WARN  Could not find semantic tokens for: file:///C:/Users/Emmanuel/credit-score-service/build.sbt
2024.09.17 23:16:59 INFO  no build target found for C:\Users\Emmanuel\credit-score-service\build.sbt. Using presentation compiler with project's scala-library version: 3.3.3
2024.09.17 23:16:59 INFO  time: code lens generation in 1.48s
2024.09.17 23:16:59 INFO  no build target found for C:\Users\Emmanuel\credit-score-service\build.sbt. Using presentation compiler with project's scala-library version: 3.3.3
2024.09.17 23:16:59 WARN  Could not find semantic tokens for: file:///C:/Users/Emmanuel/credit-score-service/build.sbt
2024.09.17 23:17:18 INFO  no build target found for C:\Users\Emmanuel\credit-score-service\build.sbt. Using presentation compiler with project's scala-library version: 3.3.3
2024.09.17 23:17:18 INFO  no build target found for C:\Users\Emmanuel\credit-score-service\build.sbt. Using presentation compiler with project's scala-library version: 3.3.3
2024.09.17 23:17:18 INFO  no build target found for C:\Users\Emmanuel\credit-score-service\build.sbt. Using presentation compiler with project's scala-library version: 3.3.3
2024.09.17 23:17:18 WARN  Could not find semantic tokens for: file:///C:/Users/Emmanuel/credit-score-service/build.sbt
2024.09.17 23:17:19 INFO  no build target found for C:\Users\Emmanuel\credit-score-service\build.sbt. Using presentation compiler with project's scala-library version: 3.3.3
2024.09.17 23:17:19 INFO  no build target found for C:\Users\Emmanuel\credit-score-service\build.sbt. Using presentation compiler with project's scala-library version: 3.3.3
2024.09.17 23:17:19 INFO  no build target found for C:\Users\Emmanuel\credit-score-service\build.sbt. Using presentation compiler with project's scala-library version: 3.3.3
2024.09.17 23:17:19 WARN  Could not find semantic tokens for: file:///C:/Users/Emmanuel/credit-score-service/build.sbt
2024.09.17 23:17:24 INFO  no build target found for C:\Users\Emmanuel\credit-score-service\build.sbt. Using presentation compiler with project's scala-library version: 3.3.3
2024.09.17 23:17:26 INFO  no build target found for C:\Users\Emmanuel\credit-score-service\build.sbt. Using presentation compiler with project's scala-library version: 3.3.3
2024.09.17 23:17:27 INFO  no build target found for C:\Users\Emmanuel\credit-score-service\build.sbt. Using presentation compiler with project's scala-library version: 3.3.3
2024.09.17 23:17:27 INFO  no build target found for C:\Users\Emmanuel\credit-score-service\build.sbt. Using presentation compiler with project's scala-library version: 3.3.3
2024.09.17 23:17:27 WARN  Could not find semantic tokens for: file:///C:/Users/Emmanuel/credit-score-service/build.sbt
2024.09.17 23:17:29 INFO  no build target found for C:\Users\Emmanuel\credit-score-service\build.sbt. Using presentation compiler with project's scala-library version: 3.3.3
2024.09.17 23:17:30 INFO  no build target found for C:\Users\Emmanuel\credit-score-service\build.sbt. Using presentation compiler with project's scala-library version: 3.3.3
2024.09.17 23:17:30 INFO  no build target found for C:\Users\Emmanuel\credit-score-service\build.sbt. Using presentation compiler with project's scala-library version: 3.3.3
2024.09.17 23:17:30 INFO  no build target found for C:\Users\Emmanuel\credit-score-service\build.sbt. Using presentation compiler with project's scala-library version: 3.3.3
2024.09.17 23:17:30 WARN  Could not find semantic tokens for: file:///C:/Users/Emmanuel/credit-score-service/build.sbt
2024.09.17 23:17:46 WARN  no build target for: C:\Users\Emmanuel\credit-score-service\build.sbt
2024.09.17 23:17:46 INFO  no build target found for C:\Users\Emmanuel\credit-score-service\build.sbt. Using presentation compiler with project's scala-library version: 3.3.3
2024.09.17 23:17:46 WARN  Could not find semantic tokens for: file:///C:/Users/Emmanuel/credit-score-service/build.sbt
2024.09.17 23:21:35 INFO  no build target found for C:\Users\Emmanuel\credit-score-service\src\main\scala\creditscore\CreditScoreDB.scala. Using presentation compiler with project's scala-library version: 3.3.3
2024.09.17 23:21:35 INFO  no build target found for C:\Users\Emmanuel\credit-score-service\src\main\scala\creditscore\CreditScoreDB.scala. Using presentation compiler with project's scala-library version: 3.3.3
2024.09.17 23:21:35 WARN  Could not find semantic tokens for: file:///C:/Users/Emmanuel/credit-score-service/src/main/scala/creditscore/CreditScoreDB.scala
2024.09.17 23:22:18 INFO  no build target found for C:\Users\Emmanuel\credit-score-service\src\main\scala\creditscore\CreditScoreDB.scala. Using presentation compiler with project's scala-library version: 3.3.3
2024.09.17 23:22:18 INFO  no build target found for C:\Users\Emmanuel\credit-score-service\src\main\scala\creditscore\CreditScoreDB.scala. Using presentation compiler with project's scala-library version: 3.3.3
2024.09.17 23:22:56 INFO  no build target found for C:\Users\Emmanuel\credit-score-service\src\main\scala\creditscore\CreditScoreService.scala. Using presentation compiler with project's scala-library version: 3.3.3
2024.09.17 23:22:56 WARN  no build target for: C:\Users\Emmanuel\credit-score-service\src\main\scala\creditscore\CreditScoreDB.scala
2024.09.17 23:22:57 INFO  no build target found for C:\Users\Emmanuel\credit-score-service\src\main\scala\creditscore\CreditScoreDB.scala. Using presentation compiler with project's scala-library version: 3.3.3
2024.09.17 23:22:56 INFO  no build target found for C:\Users\Emmanuel\credit-score-service\src\main\scala\creditscore\CreditScoreService.scala. Using presentation compiler with project's scala-library version: 3.3.3
2024.09.17 23:23:06 WARN  no build target for: C:\Users\Emmanuel\credit-score-service\src\main\scala\creditscore\CreditScoreService.scala
2024.09.17 23:23:06 INFO  no build target found for C:\Users\Emmanuel\credit-score-service\src\main\scala\creditscore\CreditScoreService.scala. Using presentation compiler with project's scala-library version: 3.3.3
2024.09.17 23:23:08 INFO  no build target found for C:\Users\Emmanuel\credit-score-service\src\main\scala\creditscore\CreditScoreService.scala. Using presentation compiler with project's scala-library version: 3.3.3
2024.09.17 23:23:11 INFO  no build target found for C:\Users\Emmanuel\credit-score-service\src\main\scala\creditscore\CreditScoreDB.scala. Using presentation compiler with project's scala-library version: 3.3.3
2024.09.17 23:23:33 INFO  no build target found for C:\Users\Emmanuel\credit-score-service\src\main\scala\creditscore\CreditScoreService.scala. Using presentation compiler with project's scala-library version: 3.3.3
2024.09.17 23:25:28 INFO  no build target found for C:\Users\Emmanuel\credit-score-service\src\main\scala\creditscore\CreditScoreDB.scala. Using presentation compiler with project's scala-library version: 3.3.3
2024.09.18 00:02:32 INFO  no build target found for C:\Users\Emmanuel\credit-score-service\src\main\scala\creditscore\CreditScoreDB.scala. Using presentation compiler with project's scala-library version: 3.3.3
2024.09.18 18:16:31 INFO  no build target found for C:\Users\Emmanuel\credit-score-service\src\main\scala\creditscore\CreditScoreDB.scala. Using presentation compiler with project's scala-library version: 3.3.3
2024.09.18 18:16:37 INFO  no build target found for C:\Users\Emmanuel\credit-score-service\src\main\scala\creditscore\CreditScoreDB.scala. Using presentation compiler with project's scala-library version: 3.3.3
2024.09.18 22:12:09 INFO  no build target found for C:\Users\Emmanuel\credit-score-service\src\main\scala\creditscore\CreditScoreService.scala. Using presentation compiler with project's scala-library version: 3.3.3
2024.09.18 22:39:14 INFO  no build target found for C:\Users\Emmanuel\credit-score-service\build.sbt. Using presentation compiler with project's scala-library version: 3.3.3
2024.09.18 22:39:14 WARN  Could not find semantic tokens for: file:///C:/Users/Emmanuel/credit-score-service/build.sbt
2024.09.18 22:39:15 INFO  no build target found for C:\Users\Emmanuel\credit-score-service\build.sbt. Using presentation compiler with project's scala-library version: 3.3.3
2024.09.18 22:39:28 INFO  no build target found for C:\Users\Emmanuel\credit-score-service\build.sbt. Using presentation compiler with project's scala-library version: 3.3.3
2024.09.18 22:39:28 INFO  no build target found for C:\Users\Emmanuel\credit-score-service\build.sbt. Using presentation compiler with project's scala-library version: 3.3.3
2024.09.18 22:39:30 INFO  no build target found for C:\Users\Emmanuel\credit-score-service\build.sbt. Using presentation compiler with project's scala-library version: 3.3.3
2024.09.18 22:39:30 INFO  no build target found for C:\Users\Emmanuel\credit-score-service\build.sbt. Using presentation compiler with project's scala-library version: 3.3.3
2024.09.18 22:39:31 INFO  no build target found for C:\Users\Emmanuel\credit-score-service\build.sbt. Using presentation compiler with project's scala-library version: 3.3.3
2024.09.18 22:39:31 INFO  no build target found for C:\Users\Emmanuel\credit-score-service\build.sbt. Using presentation compiler with project's scala-library version: 3.3.3
2024.09.18 22:39:32 WARN  Could not find semantic tokens for: file:///C:/Users/Emmanuel/credit-score-service/build.sbt
2024.09.18 22:39:42 WARN  no build target for: C:\Users\Emmanuel\credit-score-service\build.sbt
2024.09.18 22:39:42 INFO  no build target found for C:\Users\Emmanuel\credit-score-service\build.sbt. Using presentation compiler with project's scala-library version: 3.3.3
2024.09.18 22:39:42 WARN  Could not find semantic tokens for: file:///C:/Users/Emmanuel/credit-score-service/build.sbt
2024.09.18 22:39:53 INFO  no build target found for C:\Users\Emmanuel\credit-score-service\src\main\scala\creditscore\CreditScoreService.scala. Using presentation compiler with project's scala-library version: 3.3.3
2024.09.18 22:39:55 INFO  no build target found for C:\Users\Emmanuel\credit-score-service\src\main\scala\creditscore\CreditScoreService.scala. Using presentation compiler with project's scala-library version: 3.3.3
2024.09.18 22:39:57 INFO  no build target found for C:\Users\Emmanuel\credit-score-service\src\main\scala\creditscore\CreditScoreService.scala. Using presentation compiler with project's scala-library version: 3.3.3
2024.09.18 22:40:03 WARN  no build target for: C:\Users\Emmanuel\credit-score-service\src\main\scala\creditscore\CreditScoreService.scala
2024.09.18 22:40:04 INFO  no build target found for C:\Users\Emmanuel\credit-score-service\src\main\scala\creditscore\CreditScoreService.scala. Using presentation compiler with project's scala-library version: 3.3.3
2024.09.18 22:40:04 INFO  no build target found for C:\Users\Emmanuel\credit-score-service\src\main\scala\creditscore\CreditScoreService.scala. Using presentation compiler with project's scala-library version: 3.3.3
2024.09.18 22:53:03 INFO  no build target found for C:\Users\Emmanuel\credit-score-service\src\main\scala\creditscore\CreditScoreService.scala. Using presentation compiler with project's scala-library version: 3.3.3
2024.09.18 22:53:03 INFO  no build target found for C:\Users\Emmanuel\credit-score-service\src\main\scala\creditscore\CreditScoreService.scala. Using presentation compiler with project's scala-library version: 3.3.3
2024.09.18 22:53:04 INFO  no build target found for C:\Users\Emmanuel\credit-score-service\src\main\scala\creditscore\CreditScoreService.scala. Using presentation compiler with project's scala-library version: 3.3.3
2024.09.18 22:53:10 INFO  no build target found for C:\Users\Emmanuel\credit-score-service\src\main\scala\creditscore\CreditScoreService.scala. Using presentation compiler with project's scala-library version: 3.3.3
2024.09.18 22:53:13 INFO  no build target found for C:\Users\Emmanuel\credit-score-service\src\main\scala\creditscore\CreditScoreService.scala. Using presentation compiler with project's scala-library version: 3.3.3
Downloading https://repo1.maven.org/maven2/org/scala-lang/scala-reflect/2.13.11/scala-reflect-2.13.11.pom
Downloading https://repo1.maven.org/maven2/org/scalameta/scalafmt-core_2.13/3.7.15/scalafmt-core_2.13-3.7.15.pom
Downloaded https://repo1.maven.org/maven2/org/scalameta/scalafmt-core_2.13/3.7.15/scalafmt-core_2.13-3.7.15.pom
Downloaded https://repo1.maven.org/maven2/org/scala-lang/scala-reflect/2.13.11/scala-reflect-2.13.11.pom
Downloading https://repo1.maven.org/maven2/org/scala-lang/scala-library/2.13.11/scala-library-2.13.11.pom
Downloading https://repo1.maven.org/maven2/org/scalameta/scalafmt-sysops_2.13/3.7.15/scalafmt-sysops_2.13-3.7.15.pom
Downloading https://repo1.maven.org/maven2/org/scalameta/scalameta_2.13/4.8.12/scalameta_2.13-4.8.12.pom
Downloading https://repo1.maven.org/maven2/org/scalameta/scalafmt-config_2.13/3.7.15/scalafmt-config_2.13-3.7.15.pom
Downloaded https://repo1.maven.org/maven2/org/scala-lang/scala-library/2.13.11/scala-library-2.13.11.pom
Downloaded https://repo1.maven.org/maven2/org/scalameta/scalafmt-sysops_2.13/3.7.15/scalafmt-sysops_2.13-3.7.15.pom
Downloaded https://repo1.maven.org/maven2/org/scalameta/scalafmt-config_2.13/3.7.15/scalafmt-config_2.13-3.7.15.pom
Downloaded https://repo1.maven.org/maven2/org/scalameta/scalameta_2.13/4.8.12/scalameta_2.13-4.8.12.pom
Downloading https://repo1.maven.org/maven2/org/scala-lang/scalap/2.13.12/scalap-2.13.12.pom
Downloading https://repo1.maven.org/maven2/org/scalameta/parsers_2.13/4.8.12/parsers_2.13-4.8.12.pom
Downloaded https://repo1.maven.org/maven2/org/scala-lang/scalap/2.13.12/scalap-2.13.12.pom
Downloaded https://repo1.maven.org/maven2/org/scalameta/parsers_2.13/4.8.12/parsers_2.13-4.8.12.pom
Downloading https://repo1.maven.org/maven2/org/scala-lang/scala-compiler/2.13.12/scala-compiler-2.13.12.pom
Downloading https://repo1.maven.org/maven2/org/scalameta/trees_2.13/4.8.12/trees_2.13-4.8.12.pom
Downloading https://repo1.maven.org/maven2/com/typesafe/config/1.4.1/config-1.4.1.pom
Downloaded https://repo1.maven.org/maven2/org/scalameta/trees_2.13/4.8.12/trees_2.13-4.8.12.pom
Downloaded https://repo1.maven.org/maven2/com/typesafe/config/1.4.1/config-1.4.1.pom
Downloaded https://repo1.maven.org/maven2/org/scala-lang/scala-compiler/2.13.12/scala-compiler-2.13.12.pom
Downloading https://repo1.maven.org/maven2/org/scala-lang/scala-reflect/2.13.12/scala-reflect-2.13.12.pom
Downloading https://repo1.maven.org/maven2/org/scalameta/common_2.13/4.8.12/common_2.13-4.8.12.pom
Downloaded https://repo1.maven.org/maven2/org/scala-lang/scala-reflect/2.13.12/scala-reflect-2.13.12.pom
Downloaded https://repo1.maven.org/maven2/org/scalameta/common_2.13/4.8.12/common_2.13-4.8.12.pom
Downloading https://repo1.maven.org/maven2/com/lihaoyi/sourcecode_2.13/0.3.1/sourcecode_2.13-0.3.1.pom
Downloaded https://repo1.maven.org/maven2/com/lihaoyi/sourcecode_2.13/0.3.1/sourcecode_2.13-0.3.1.pom
Downloading https://repo1.maven.org/maven2/org/scalameta/trees_2.13/4.8.12/trees_2.13-4.8.12.jar
Downloading https://repo1.maven.org/maven2/com/typesafe/config/1.4.1/config-1.4.1.jar
Downloading https://repo1.maven.org/maven2/org/scalameta/common_2.13/4.8.12/common_2.13-4.8.12.jar
Downloading https://repo1.maven.org/maven2/org/scala-lang/scalap/2.13.12/scalap-2.13.12.jar
Downloading https://repo1.maven.org/maven2/org/scalameta/scalameta_2.13/4.8.12/scalameta_2.13-4.8.12.jar
Downloading https://repo1.maven.org/maven2/org/scala-lang/scala-reflect/2.13.12/scala-reflect-2.13.12.jar
Downloaded https://repo1.maven.org/maven2/org/scalameta/scalameta_2.13/4.8.12/scalameta_2.13-4.8.12.jar
Downloading https://repo1.maven.org/maven2/org/scalameta/scalafmt-sysops_2.13/3.7.15/scalafmt-sysops_2.13-3.7.15.jar
Downloaded https://repo1.maven.org/maven2/com/typesafe/config/1.4.1/config-1.4.1.jar
Downloading https://repo1.maven.org/maven2/org/scalameta/parsers_2.13/4.8.12/parsers_2.13-4.8.12.jar
Downloaded https://repo1.maven.org/maven2/org/scala-lang/scalap/2.13.12/scalap-2.13.12.jar
Downloading https://repo1.maven.org/maven2/org/scalameta/scalafmt-core_2.13/3.7.15/scalafmt-core_2.13-3.7.15.jar
Downloaded https://repo1.maven.org/maven2/org/scalameta/scalafmt-sysops_2.13/3.7.15/scalafmt-sysops_2.13-3.7.15.jar
Downloading https://repo1.maven.org/maven2/org/scalameta/scalafmt-config_2.13/3.7.15/scalafmt-config_2.13-3.7.15.jar
Downloaded https://repo1.maven.org/maven2/org/scalameta/parsers_2.13/4.8.12/parsers_2.13-4.8.12.jar
Downloading https://repo1.maven.org/maven2/com/lihaoyi/sourcecode_2.13/0.3.1/sourcecode_2.13-0.3.1.jar
Downloaded https://repo1.maven.org/maven2/org/scala-lang/scala-reflect/2.13.12/scala-reflect-2.13.12.jar
Downloading https://repo1.maven.org/maven2/org/scala-lang/scala-compiler/2.13.12/scala-compiler-2.13.12.jar
Downloaded https://repo1.maven.org/maven2/org/scalameta/scalafmt-config_2.13/3.7.15/scalafmt-config_2.13-3.7.15.jar
Downloaded https://repo1.maven.org/maven2/com/lihaoyi/sourcecode_2.13/0.3.1/sourcecode_2.13-0.3.1.jar
Downloaded https://repo1.maven.org/maven2/org/scalameta/common_2.13/4.8.12/common_2.13-4.8.12.jar
Downloaded https://repo1.maven.org/maven2/org/scalameta/trees_2.13/4.8.12/trees_2.13-4.8.12.jar
Downloaded https://repo1.maven.org/maven2/org/scalameta/scalafmt-core_2.13/3.7.15/scalafmt-core_2.13-3.7.15.jar
Still downloading:
https://repo1.maven.org/maven2/org/scala-lang/scala-compiler/2.13.12/scala-compiler-2.13.12.jar (79,62 %, 9713659 / 12200301)

Downloaded https://repo1.maven.org/maven2/org/scala-lang/scala-compiler/2.13.12/scala-compiler-2.13.12.jar
2024.09.18 22:54:00 INFO  no build target found for C:\Users\Emmanuel\credit-score-service\src\main\scala\creditscore\CreditScoreService.scala. Using presentation compiler with project's scala-library version: 3.3.3
2024.09.18 22:54:00 WARN  no build target for: C:\Users\Emmanuel\credit-score-service\src\main\scala\creditscore\CreditScoreService.scala
2024.09.18 22:54:00 INFO  no build target found for C:\Users\Emmanuel\credit-score-service\src\main\scala\creditscore\CreditScoreService.scala. Using presentation compiler with project's scala-library version: 3.3.3
2024.09.18 22:54:01 INFO  no build target found for C:\Users\Emmanuel\credit-score-service\src\main\scala\creditscore\CreditScoreService.scala. Using presentation compiler with project's scala-library version: 3.3.3
2024.09.18 22:54:29 INFO  no build target found for C:\Users\Emmanuel\credit-score-service\src\main\scala\creditscore\CreditScoreService.scala. Using presentation compiler with project's scala-library version: 3.3.3
2024.09.18 22:54:29 INFO  no build target found for C:\Users\Emmanuel\credit-score-service\src\main\scala\creditscore\CreditScoreService.scala. Using presentation compiler with project's scala-library version: 3.3.3
2024.09.18 22:55:21 INFO  no build target found for C:\Users\Emmanuel\credit-score-service\src\main\scala\creditscore\CreditScoreService.scala. Using presentation compiler with project's scala-library version: 3.3.3
2024.09.18 22:55:34 INFO  no build target found for C:\Users\Emmanuel\credit-score-service\src\main\scala\creditscore\CreditScoreService.scala. Using presentation compiler with project's scala-library version: 3.3.3
Sep 18, 2024 10:55:34 PM org.eclipse.lsp4j.jsonrpc.RemoteEndpoint handleCancellation
WARNING: Unmatched cancel notification for request id 255
2024.09.19 19:54:05 INFO  tracing is disabled for protocol LSP, to enable tracing of incoming and outgoing JSON messages create an empty file at c:\Users\Emmanuel\credit-score-service\.metals\lsp.trace.json
Exception in thread "main" java.lang.RuntimeException: Couldn't find pwsh.exe or powershell.exe on path or in default system locations
	at dev.dirs.Util.windowsFallback(Util.java:284)
	at dev.dirs.Util.getWinDirs(Util.java:166)
	at dev.dirs.ProjectDirectories.fromPath(ProjectDirectories.java:255)
	at scala.meta.internal.bsp.BspServers$.globalInstallDirectories(BspServers.scala:206)
	at scala.meta.internal.metals.MetalsServerInputs$.productionConfiguration(MetalsServerInputs.scala:72)
	at scala.meta.metals.MetalsLanguageServer$.$lessinit$greater$default$3(MetalsLanguageServer.scala:48)
	at scala.meta.metals.Main$.main(Main.scala:45)
	at scala.meta.metals.Main.main(Main.scala)
Caused by: java.io.IOException: Cannot run program "C:\WINDOWS\System32\WindowsPowerShell\v1.0\powershell.exe": CreateProcess error=225, Operation did not complete successfully because the file contains a virus or potentially unwanted software
	at java.base/java.lang.ProcessBuilder.start(ProcessBuilder.java:1143)
	at java.base/java.lang.ProcessBuilder.start(ProcessBuilder.java:1073)
	at dev.dirs.Util.runCommands(Util.java:197)
	at dev.dirs.Util.runWinCommands(Util.java:233)
	at dev.dirs.Util.windowsFallback(Util.java:282)
	... 7 more
Caused by: java.io.IOException: CreateProcess error=225, Operation did not complete successfully because the file contains a virus or potentially unwanted software
	at java.base/java.lang.ProcessImpl.create(Native Method)
	at java.base/java.lang.ProcessImpl.<init>(ProcessImpl.java:494)
	at java.base/java.lang.ProcessImpl.start(ProcessImpl.java:159)
	at java.base/java.lang.ProcessBuilder.start(ProcessBuilder.java:1110)
	... 11 more
2024.09.19 19:54:22 INFO  tracing is disabled for protocol LSP, to enable tracing of incoming and outgoing JSON messages create an empty file at c:\Users\Emmanuel\credit-score-service\.metals\lsp.trace.json
Exception in thread "main" java.lang.RuntimeException: Couldn't find pwsh.exe or powershell.exe on path or in default system locations
	at dev.dirs.Util.windowsFallback(Util.java:284)
	at dev.dirs.Util.getWinDirs(Util.java:166)
	at dev.dirs.ProjectDirectories.fromPath(ProjectDirectories.java:255)
	at scala.meta.internal.bsp.BspServers$.globalInstallDirectories(BspServers.scala:206)
	at scala.meta.internal.metals.MetalsServerInputs$.productionConfiguration(MetalsServerInputs.scala:72)
	at scala.meta.metals.MetalsLanguageServer$.$lessinit$greater$default$3(MetalsLanguageServer.scala:48)
	at scala.meta.metals.Main$.main(Main.scala:45)
	at scala.meta.metals.Main.main(Main.scala)
Caused by: java.io.IOException: Cannot run program "C:\WINDOWS\System32\WindowsPowerShell\v1.0\powershell.exe": CreateProcess error=225, Operation did not complete successfully because the file contains a virus or potentially unwanted software
	at java.base/java.lang.ProcessBuilder.start(ProcessBuilder.java:1143)
	at java.base/java.lang.ProcessBuilder.start(ProcessBuilder.java:1073)
	at dev.dirs.Util.runCommands(Util.java:197)
	at dev.dirs.Util.runWinCommands(Util.java:233)
	at dev.dirs.Util.windowsFallback(Util.java:282)
	... 7 more
Caused by: java.io.IOException: CreateProcess error=225, Operation did not complete successfully because the file contains a virus or potentially unwanted software
	at java.base/java.lang.ProcessImpl.create(Native Method)
	at java.base/java.lang.ProcessImpl.<init>(ProcessImpl.java:494)
	at java.base/java.lang.ProcessImpl.start(ProcessImpl.java:159)
	at java.base/java.lang.ProcessBuilder.start(ProcessBuilder.java:1110)
	... 11 more
2024.09.19 19:54:27 INFO  tracing is disabled for protocol LSP, to enable tracing of incoming and outgoing JSON messages create an empty file at c:\Users\Emmanuel\credit-score-service\.metals\lsp.trace.json
Exception in thread "main" java.lang.RuntimeException: Couldn't find pwsh.exe or powershell.exe on path or in default system locations
	at dev.dirs.Util.windowsFallback(Util.java:284)
	at dev.dirs.Util.getWinDirs(Util.java:166)
	at dev.dirs.ProjectDirectories.fromPath(ProjectDirectories.java:255)
	at scala.meta.internal.bsp.BspServers$.globalInstallDirectories(BspServers.scala:206)
	at scala.meta.internal.metals.MetalsServerInputs$.productionConfiguration(MetalsServerInputs.scala:72)
	at scala.meta.metals.MetalsLanguageServer$.$lessinit$greater$default$3(MetalsLanguageServer.scala:48)
	at scala.meta.metals.Main$.main(Main.scala:45)
	at scala.meta.metals.Main.main(Main.scala)
Caused by: java.io.IOException: Cannot run program "C:\WINDOWS\System32\WindowsPowerShell\v1.0\powershell.exe": CreateProcess error=225, Operation did not complete successfully because the file contains a virus or potentially unwanted software
	at java.base/java.lang.ProcessBuilder.start(ProcessBuilder.java:1143)
	at java.base/java.lang.ProcessBuilder.start(ProcessBuilder.java:1073)
	at dev.dirs.Util.runCommands(Util.java:197)
	at dev.dirs.Util.runWinCommands(Util.java:233)
	at dev.dirs.Util.windowsFallback(Util.java:282)
	... 7 more
Caused by: java.io.IOException: CreateProcess error=225, Operation did not complete successfully because the file contains a virus or potentially unwanted software
	at java.base/java.lang.ProcessImpl.create(Native Method)
	at java.base/java.lang.ProcessImpl.<init>(ProcessImpl.java:494)
	at java.base/java.lang.ProcessImpl.start(ProcessImpl.java:159)
	at java.base/java.lang.ProcessBuilder.start(ProcessBuilder.java:1110)
	... 11 more
2024.09.19 19:54:33 INFO  tracing is disabled for protocol LSP, to enable tracing of incoming and outgoing JSON messages create an empty file at c:\Users\Emmanuel\credit-score-service\.metals\lsp.trace.json
Exception in thread "main" java.lang.RuntimeException: Couldn't find pwsh.exe or powershell.exe on path or in default system locations
	at dev.dirs.Util.windowsFallback(Util.java:284)
	at dev.dirs.Util.getWinDirs(Util.java:166)
	at dev.dirs.ProjectDirectories.fromPath(ProjectDirectories.java:255)
	at scala.meta.internal.bsp.BspServers$.globalInstallDirectories(BspServers.scala:206)
	at scala.meta.internal.metals.MetalsServerInputs$.productionConfiguration(MetalsServerInputs.scala:72)
	at scala.meta.metals.MetalsLanguageServer$.$lessinit$greater$default$3(MetalsLanguageServer.scala:48)
	at scala.meta.metals.Main$.main(Main.scala:45)
	at scala.meta.metals.Main.main(Main.scala)
Caused by: java.io.IOException: Cannot run program "C:\WINDOWS\System32\WindowsPowerShell\v1.0\powershell.exe": CreateProcess error=225, Operation did not complete successfully because the file contains a virus or potentially unwanted software
	at java.base/java.lang.ProcessBuilder.start(ProcessBuilder.java:1143)
	at java.base/java.lang.ProcessBuilder.start(ProcessBuilder.java:1073)
	at dev.dirs.Util.runCommands(Util.java:197)
	at dev.dirs.Util.runWinCommands(Util.java:233)
	at dev.dirs.Util.windowsFallback(Util.java:282)
	... 7 more
Caused by: java.io.IOException: CreateProcess error=225, Operation did not complete successfully because the file contains a virus or potentially unwanted software
	at java.base/java.lang.ProcessImpl.create(Native Method)
	at java.base/java.lang.ProcessImpl.<init>(ProcessImpl.java:494)
	at java.base/java.lang.ProcessImpl.start(ProcessImpl.java:159)
	at java.base/java.lang.ProcessBuilder.start(ProcessBuilder.java:1110)
	... 11 more
2024.09.19 19:54:42 INFO  tracing is disabled for protocol LSP, to enable tracing of incoming and outgoing JSON messages create an empty file at c:\Users\Emmanuel\credit-score-service\.metals\lsp.trace.json
Exception in thread "main" java.lang.RuntimeException: Couldn't find pwsh.exe or powershell.exe on path or in default system locations
	at dev.dirs.Util.windowsFallback(Util.java:284)
	at dev.dirs.Util.getWinDirs(Util.java:166)
	at dev.dirs.ProjectDirectories.fromPath(ProjectDirectories.java:255)
	at scala.meta.internal.bsp.BspServers$.globalInstallDirectories(BspServers.scala:206)
	at scala.meta.internal.metals.MetalsServerInputs$.productionConfiguration(MetalsServerInputs.scala:72)
	at scala.meta.metals.MetalsLanguageServer$.$lessinit$greater$default$3(MetalsLanguageServer.scala:48)
	at scala.meta.metals.Main$.main(Main.scala:45)
	at scala.meta.metals.Main.main(Main.scala)
Caused by: java.io.IOException: Cannot run program "C:\WINDOWS\System32\WindowsPowerShell\v1.0\powershell.exe": CreateProcess error=225, Operation did not complete successfully because the file contains a virus or potentially unwanted software
	at java.base/java.lang.ProcessBuilder.start(ProcessBuilder.java:1143)
	at java.base/java.lang.ProcessBuilder.start(ProcessBuilder.java:1073)
	at dev.dirs.Util.runCommands(Util.java:197)
	at dev.dirs.Util.runWinCommands(Util.java:233)
	at dev.dirs.Util.windowsFallback(Util.java:282)
	... 7 more
Caused by: java.io.IOException: CreateProcess error=225, Operation did not complete successfully because the file contains a virus or potentially unwanted software
	at java.base/java.lang.ProcessImpl.create(Native Method)
	at java.base/java.lang.ProcessImpl.<init>(ProcessImpl.java:494)
	at java.base/java.lang.ProcessImpl.start(ProcessImpl.java:159)
	at java.base/java.lang.ProcessBuilder.start(ProcessBuilder.java:1110)
	... 11 more
